[2022-08-18 03:30:33Z INFO HostContext] No proxy settings were found based on environmental variables (http_proxy/https_proxy/HTTP_PROXY/HTTPS_PROXY)
[2022-08-18 03:30:33Z INFO HostContext] Well known directory 'Bin': '/home/runner/actions-runner/bin'
[2022-08-18 03:30:33Z INFO HostContext] Well known directory 'Root': '/home/runner/actions-runner'
[2022-08-18 03:30:33Z INFO HostContext] Well known config file 'Credentials': '/home/runner/actions-runner/.credentials'
[2022-08-18 03:30:33Z INFO HostContext] Well known directory 'Bin': '/home/runner/actions-runner/bin'
[2022-08-18 03:30:33Z INFO HostContext] Well known directory 'Root': '/home/runner/actions-runner'
[2022-08-18 03:30:33Z INFO HostContext] Well known config file 'Runner': '/home/runner/actions-runner/.runner'
[2022-08-18 03:30:33Z INFO Listener] Runner is built for Linux (X64) - linux-x64.
[2022-08-18 03:30:33Z INFO Listener] RuntimeInformation: Linux 5.15.0-1017-azure #20~20.04.1-Ubuntu SMP Fri Aug 5 12:16:53 UTC 2022.
[2022-08-18 03:30:33Z INFO Listener] Version: 2.295.0
[2022-08-18 03:30:33Z INFO Listener] Commit: 78d13b4c96e0857c1323febcb0cac7d8f5cf5822
[2022-08-18 03:30:33Z INFO Listener] Culture: 
[2022-08-18 03:30:33Z INFO Listener] UI Culture: 
[2022-08-18 03:30:33Z INFO HostContext] Well known directory 'Bin': '/home/runner/actions-runner/bin'
[2022-08-18 03:30:33Z INFO HostContext] Well known directory 'Root': '/home/runner/actions-runner'
[2022-08-18 03:30:33Z INFO Listener] Validating directory permissions for: '/home/runner/actions-runner'
[2022-08-18 03:30:33Z INFO CommandLineParser] Parse
[2022-08-18 03:30:33Z INFO CommandLineParser] Parsing 5 args
[2022-08-18 03:30:33Z INFO CommandLineParser] parsing argument
[2022-08-18 03:30:33Z INFO CommandLineParser] HasArgs: False
[2022-08-18 03:30:33Z INFO CommandLineParser] Adding Command: configure
[2022-08-18 03:30:33Z INFO CommandLineParser] parsing argument
[2022-08-18 03:30:33Z INFO CommandLineParser] HasArgs: True
[2022-08-18 03:30:33Z INFO CommandLineParser] arg: url
[2022-08-18 03:30:33Z INFO CommandLineParser] parsing argument
[2022-08-18 03:30:33Z INFO CommandLineParser] HasArgs: True
[2022-08-18 03:30:33Z INFO CommandLineParser] Adding option 'url': 'https://github.com/mrwizyt/action-tmate'
[2022-08-18 03:30:33Z INFO CommandLineParser] parsing argument
[2022-08-18 03:30:33Z INFO CommandLineParser] HasArgs: True
[2022-08-18 03:30:33Z INFO CommandLineParser] arg: token
[2022-08-18 03:30:33Z INFO CommandLineParser] parsing argument
[2022-08-18 03:30:33Z INFO CommandLineParser] HasArgs: True
[2022-08-18 03:30:33Z INFO CommandLineParser] Adding option 'token': '***'
[2022-08-18 03:30:33Z INFO Listener] Arguments parsed
[2022-08-18 03:30:33Z INFO Runner] ExecuteCommand
[2022-08-18 03:30:33Z INFO ConfigurationStore] currentAssemblyLocation: /home/runner/actions-runner/bin/Runner.Listener.dll
[2022-08-18 03:30:33Z INFO HostContext] Well known directory 'Bin': '/home/runner/actions-runner/bin'
[2022-08-18 03:30:33Z INFO ConfigurationStore] binPath: /home/runner/actions-runner/bin
[2022-08-18 03:30:33Z INFO HostContext] Well known directory 'Bin': '/home/runner/actions-runner/bin'
[2022-08-18 03:30:33Z INFO HostContext] Well known directory 'Root': '/home/runner/actions-runner'
[2022-08-18 03:30:33Z INFO ConfigurationStore] RootFolder: /home/runner/actions-runner
[2022-08-18 03:30:33Z INFO HostContext] Well known directory 'Bin': '/home/runner/actions-runner/bin'
[2022-08-18 03:30:33Z INFO HostContext] Well known directory 'Root': '/home/runner/actions-runner'
[2022-08-18 03:30:33Z INFO HostContext] Well known config file 'Runner': '/home/runner/actions-runner/.runner'
[2022-08-18 03:30:33Z INFO ConfigurationStore] ConfigFilePath: /home/runner/actions-runner/.runner
[2022-08-18 03:30:33Z INFO HostContext] Well known directory 'Bin': '/home/runner/actions-runner/bin'
[2022-08-18 03:30:33Z INFO HostContext] Well known directory 'Root': '/home/runner/actions-runner'
[2022-08-18 03:30:33Z INFO HostContext] Well known config file 'Credentials': '/home/runner/actions-runner/.credentials'
[2022-08-18 03:30:33Z INFO ConfigurationStore] CredFilePath: /home/runner/actions-runner/.credentials
[2022-08-18 03:30:33Z INFO HostContext] Well known directory 'Bin': '/home/runner/actions-runner/bin'
[2022-08-18 03:30:33Z INFO HostContext] Well known directory 'Root': '/home/runner/actions-runner'
[2022-08-18 03:30:33Z INFO HostContext] Well known config file 'MigratedCredentials': '/home/runner/actions-runner/.credentials_migrated'
[2022-08-18 03:30:33Z INFO ConfigurationStore] MigratedCredFilePath: /home/runner/actions-runner/.credentials_migrated
[2022-08-18 03:30:33Z INFO HostContext] Well known directory 'Bin': '/home/runner/actions-runner/bin'
[2022-08-18 03:30:33Z INFO HostContext] Well known directory 'Root': '/home/runner/actions-runner'
[2022-08-18 03:30:33Z INFO HostContext] Well known config file 'Service': '/home/runner/actions-runner/.service'
[2022-08-18 03:30:33Z INFO ConfigurationStore] ServiceConfigFilePath: /home/runner/actions-runner/.service
[2022-08-18 03:30:33Z INFO CommandSettings] Flag 'help': 'False'
[2022-08-18 03:30:33Z INFO CommandSettings] Flag 'version': 'False'
[2022-08-18 03:30:33Z INFO CommandSettings] Flag 'commit': 'False'
[2022-08-18 03:30:33Z INFO CommandSettings] Flag 'check': 'False'
[2022-08-18 03:30:33Z INFO CommandSettings] Command 'configure': 'True'
[2022-08-18 03:30:33Z INFO Terminal] WRITE LINE: 
[2022-08-18 03:30:33Z INFO Terminal] WRITE LINE: --------------------------------------------------------------------------------
[2022-08-18 03:30:33Z INFO Terminal] WRITE LINE: |        ____ _ _   _   _       _          _        _   _                      |
[2022-08-18 03:30:33Z INFO Terminal] WRITE LINE: |       / ___(_) |_| | | |_   _| |__      / \   ___| |_(_) ___  _ __  ___      |
[2022-08-18 03:30:33Z INFO Terminal] WRITE LINE: |      | |  _| | __| |_| | | | | '_ \    / _ \ / __| __| |/ _ \| '_ \/ __|     |
[2022-08-18 03:30:33Z INFO Terminal] WRITE LINE: |      | |_| | | |_|  _  | |_| | |_) |  / ___ \ (__| |_| | (_) | | | \__ \     |
[2022-08-18 03:30:33Z INFO Terminal] WRITE LINE: |       \____|_|\__|_| |_|\__,_|_.__/  /_/   \_\___|\__|_|\___/|_| |_|___/     |
[2022-08-18 03:30:33Z INFO Terminal] WRITE LINE: |                                                                              |
[2022-08-18 03:30:33Z INFO Terminal] WRITE: |                       
[2022-08-18 03:30:33Z INFO Terminal] WRITE: Self-hosted runner registration
[2022-08-18 03:30:33Z INFO Terminal] WRITE LINE:                         |
[2022-08-18 03:30:33Z INFO Terminal] WRITE LINE: |                                                                              |
[2022-08-18 03:30:33Z INFO Terminal] WRITE LINE: --------------------------------------------------------------------------------
[2022-08-18 03:30:33Z INFO ConfigurationManager] ConfigureAsync
[2022-08-18 03:30:33Z INFO ConfigurationStore] IsConfigured()
[2022-08-18 03:30:33Z INFO ConfigurationStore] IsConfigured: False
[2022-08-18 03:30:33Z INFO ConfigurationManager] Is configured: False
[2022-08-18 03:30:33Z INFO CommandSettings] Arg 'url': 'https://github.com/mrwizyt/action-tmate'
[2022-08-18 03:30:33Z INFO CommandSettings] Remove url from Arg dictionary.
[2022-08-18 03:30:33Z INFO CommandSettings] Arg 'token': '***'
[2022-08-18 03:30:33Z INFO CommandSettings] Remove token from Arg dictionary.
[2022-08-18 03:30:34Z INFO ConfigurationManager] Http response code: OK from 'POST https://api.github.com/actions/runner-registration'
[2022-08-18 03:30:34Z INFO ConfigurationManager] cred retrieved via GitHub auth
[2022-08-18 03:30:34Z INFO RunnerServer] Establish connection with 100 seconds timeout.
[2022-08-18 03:30:34Z INFO GitHubActionsService] Starting operation Location.GetConnectionData
[2022-08-18 03:30:34Z INFO RunnerServer] Establish connection with 60 seconds timeout.
[2022-08-18 03:30:34Z INFO GitHubActionsService] Starting operation Location.GetConnectionData
[2022-08-18 03:30:34Z INFO RunnerServer] Establish connection with 60 seconds timeout.
[2022-08-18 03:30:34Z INFO GitHubActionsService] Starting operation Location.GetConnectionData
[2022-08-18 03:30:34Z INFO GitHubActionsService] Finished operation Location.GetConnectionData
[2022-08-18 03:30:34Z INFO GitHubActionsService] Finished operation Location.GetConnectionData
[2022-08-18 03:30:34Z INFO GitHubActionsService] Finished operation Location.GetConnectionData
[2022-08-18 03:30:34Z INFO Terminal] WRITE LINE: 
[2022-08-18 03:30:34Z INFO ConfigurationManager] Test Connection complete.
[2022-08-18 03:30:34Z INFO HostContext] Well known directory 'Bin': '/home/runner/actions-runner/bin'
[2022-08-18 03:30:34Z INFO HostContext] Well known directory 'Root': '/home/runner/actions-runner'
[2022-08-18 03:30:34Z INFO HostContext] Well known config file 'RSACredentials': '/home/runner/actions-runner/.credentials_rsaparams'
[2022-08-18 03:30:34Z INFO RSAFileKeyManager] Found existing RSA key parameters file /home/runner/actions-runner/.credentials_rsaparams
[2022-08-18 03:30:34Z INFO CommandSettings] Arg 'runnergroup': ''
[2022-08-18 03:30:34Z INFO CommandSettings] Flag 'unattended': 'False'
[2022-08-18 03:30:34Z INFO PromptManager] ReadValue
[2022-08-18 03:30:34Z INFO Terminal] WRITE: Enter the name of the runner group to add this runner to: 
[2022-08-18 03:30:34Z INFO Terminal] WRITE: [press Enter for Default] 
[2022-08-18 03:30:34Z INFO Terminal] READ LINE
[2022-08-18 03:30:37Z INFO Terminal] Read value: ''
[2022-08-18 03:30:37Z INFO PromptManager] Falling back to the default: 'Default'
[2022-08-18 03:30:37Z INFO Terminal] WRITE LINE: 
[2022-08-18 03:30:37Z INFO ConfigurationManager] Found a self-hosted runner group with id 1 and name Default
[2022-08-18 03:30:37Z INFO CommandSettings] Flag 'disableupdate': 'False'
[2022-08-18 03:30:37Z INFO CommandSettings] Flag 'ephemeral': 'False'
[2022-08-18 03:30:37Z INFO CommandSettings] Arg 'name': ''
[2022-08-18 03:30:37Z INFO CommandSettings] Flag 'unattended': 'False'
[2022-08-18 03:30:37Z INFO PromptManager] ReadValue
[2022-08-18 03:30:37Z INFO Terminal] WRITE: Enter the name of runner: 
[2022-08-18 03:30:37Z INFO Terminal] WRITE: [press Enter for fv-az187-248] 
[2022-08-18 03:30:37Z INFO Terminal] READ LINE
[2022-08-18 03:30:45Z INFO Terminal] Read value: 'nxt'
[2022-08-18 03:30:45Z INFO Terminal] WRITE LINE: 
[2022-08-18 03:30:45Z INFO CommandSettings] Arg 'labels': ''
[2022-08-18 03:30:45Z INFO CommandSettings] Flag 'unattended': 'False'
[2022-08-18 03:30:45Z INFO PromptManager] ReadValue
[2022-08-18 03:30:45Z INFO Terminal] WRITE: This runner will have the following labels: 'self-hosted', 'Linux', 'X64' 
Enter any additional labels (ex. label-1,label-2): 
[2022-08-18 03:30:45Z INFO Terminal] WRITE: [press Enter to skip] 
[2022-08-18 03:30:45Z INFO Terminal] READ LINE
[2022-08-18 03:30:57Z INFO Terminal] Read value: ''
[2022-08-18 03:30:57Z INFO Terminal] WRITE LINE: 
[2022-08-18 03:30:57Z INFO CommandSettings] Flag 'disableupdate': 'False'
[2022-08-18 03:30:57Z INFO CommandSettings] Flag 'disableupdate': 'False'
[2022-08-18 03:30:57Z INFO CommandSettings] Flag 'ephemeral': 'False'
[2022-08-18 03:30:57Z INFO ConfigurationStore] Saving OAuth credential @ /home/runner/actions-runner/.credentials
[2022-08-18 03:30:57Z INFO ConfigurationStore] Credentials Saved.
[2022-08-18 03:30:57Z INFO ConfigurationStore] HasCredentials()
[2022-08-18 03:30:57Z INFO ConfigurationStore] stored True
[2022-08-18 03:30:57Z INFO CredentialManager] GetCredentialProvider
[2022-08-18 03:30:57Z INFO CredentialManager] Creating type OAuth
[2022-08-18 03:30:57Z INFO CredentialManager] Creating credential type: OAuth
[2022-08-18 03:30:57Z INFO RSAFileKeyManager] Loading RSA key parameters from file /home/runner/actions-runner/.credentials_rsaparams
[2022-08-18 03:30:57Z INFO RunnerServer] Establish connection with 100 seconds timeout.
[2022-08-18 03:30:57Z INFO GitHubActionsService] Starting operation Location.GetConnectionData
[2022-08-18 03:30:57Z INFO RunnerServer] Establish connection with 60 seconds timeout.
[2022-08-18 03:30:57Z INFO GitHubActionsService] Starting operation Location.GetConnectionData
[2022-08-18 03:30:57Z INFO RunnerServer] Establish connection with 60 seconds timeout.
[2022-08-18 03:30:57Z INFO GitHubActionsService] Starting operation Location.GetConnectionData
[2022-08-18 03:30:57Z INFO GitHubActionsService] Finished operation Location.GetConnectionData
[2022-08-18 03:30:57Z INFO GitHubActionsService] Finished operation Location.GetConnectionData
[2022-08-18 03:30:57Z INFO GitHubActionsService] Finished operation Location.GetConnectionData
[2022-08-18 03:30:57Z INFO RSAFileKeyManager] Loading RSA key parameters from file /home/runner/actions-runner/.credentials_rsaparams
[2022-08-18 03:30:57Z INFO RSAFileKeyManager] Loading RSA key parameters from file /home/runner/actions-runner/.credentials_rsaparams
[2022-08-18 03:30:58Z INFO GitHubActionsService] AAD Correlation ID for this token request: Unknown
[2022-08-18 03:30:58Z INFO CommandSettings] Arg 'work': ''
[2022-08-18 03:30:58Z INFO CommandSettings] Flag 'unattended': 'False'
[2022-08-18 03:30:58Z INFO PromptManager] ReadValue
[2022-08-18 03:30:58Z INFO Terminal] WRITE: Enter name of work folder: 
[2022-08-18 03:30:58Z INFO Terminal] WRITE: [press Enter for _work] 
[2022-08-18 03:30:58Z INFO Terminal] READ LINE
[2022-08-18 03:31:02Z INFO Terminal] Read value: ''
[2022-08-18 03:31:02Z INFO PromptManager] Falling back to the default: '_work'
[2022-08-18 03:31:02Z INFO ConfigurationStore] Saving runner settings.
[2022-08-18 03:31:02Z INFO ConfigurationStore] Settings Saved.
[2022-08-18 03:31:02Z INFO Terminal] WRITE LINE: 
[2022-08-18 03:31:02Z INFO Terminal] WRITE LINE: 
[2022-08-18 03:31:03Z INFO SystemDControlManager] Service name 'actions.runner.mrwizyt-action-tmate.nxt.service' display name 'GitHub Actions Runner (mrwizyt-action-tmate.nxt)' will be used for service configuration.
[2022-08-18 03:31:03Z INFO HostContext] Well known directory 'Bin': '/home/runner/actions-runner/bin'
[2022-08-18 03:31:03Z INFO HostContext] Well known directory 'Root': '/home/runner/actions-runner'
[2022-08-18 03:31:03Z INFO HostContext] Well known directory 'Bin': '/home/runner/actions-runner/bin'
[2022-08-18 03:31:03Z INFO HostContext] Well known directory 'Bin': '/home/runner/actions-runner/bin'
[2022-08-18 03:31:03Z INFO HostContext] Well known directory 'Root': '/home/runner/actions-runner'
[2022-08-18 03:31:03Z INFO UnixUtil] Which: 'chmod'
[2022-08-18 03:31:03Z INFO UnixUtil] Location: '/usr/bin/chmod'
[2022-08-18 03:31:03Z INFO UnixUtil] Running /usr/bin/chmod 755 "/home/runner/actions-runner/svc.sh"
[2022-08-18 03:31:03Z INFO ProcessInvokerWrapper] Starting process:
[2022-08-18 03:31:03Z INFO ProcessInvokerWrapper]   File name: '/usr/bin/chmod'
[2022-08-18 03:31:03Z INFO ProcessInvokerWrapper]   Arguments: '755 "/home/runner/actions-runner/svc.sh"'
[2022-08-18 03:31:03Z INFO ProcessInvokerWrapper]   Working directory: '/home/runner/actions-runner'
[2022-08-18 03:31:03Z INFO ProcessInvokerWrapper]   Require exit code zero: 'True'
[2022-08-18 03:31:03Z INFO ProcessInvokerWrapper]   Encoding web name:  ; code page: ''
[2022-08-18 03:31:03Z INFO ProcessInvokerWrapper]   Force kill process on cancellation: 'False'
[2022-08-18 03:31:03Z INFO ProcessInvokerWrapper]   Redirected STDIN: 'False'
[2022-08-18 03:31:03Z INFO ProcessInvokerWrapper]   Persist current code page: 'False'
[2022-08-18 03:31:03Z INFO ProcessInvokerWrapper]   Keep redirected STDIN open: 'False'
[2022-08-18 03:31:03Z INFO ProcessInvokerWrapper]   High priority process: 'False'
[2022-08-18 03:31:03Z INFO ProcessInvokerWrapper] STDOUT/STDERR stream read finished.
[2022-08-18 03:31:03Z INFO ProcessInvokerWrapper] STDOUT/STDERR stream read finished.
[2022-08-18 03:31:03Z INFO ProcessInvokerWrapper] Process started with process id 3734, waiting for process exit.
[2022-08-18 03:31:03Z INFO ProcessInvokerWrapper] Finished process 3734 with exit code 0, and elapsed time 00:00:00.0096114.
[2022-08-18 03:31:03Z INFO Listener] Runner execution has finished with return code 0
