[2022-08-18 03:31:15Z INFO HostContext] No proxy settings were found based on environmental variables (http_proxy/https_proxy/HTTP_PROXY/HTTPS_PROXY)
[2022-08-18 03:31:15Z INFO HostContext] Well known directory 'Bin': '/home/runner/actions-runner/bin'
[2022-08-18 03:31:15Z INFO HostContext] Well known directory 'Root': '/home/runner/actions-runner'
[2022-08-18 03:31:15Z INFO HostContext] Well known config file 'Credentials': '/home/runner/actions-runner/.credentials'
[2022-08-18 03:31:15Z INFO HostContext] Well known directory 'Bin': '/home/runner/actions-runner/bin'
[2022-08-18 03:31:15Z INFO HostContext] Well known directory 'Root': '/home/runner/actions-runner'
[2022-08-18 03:31:15Z INFO HostContext] Well known config file 'Runner': '/home/runner/actions-runner/.runner'
[2022-08-18 03:31:15Z INFO Listener] Runner is built for Linux (X64) - linux-x64.
[2022-08-18 03:31:15Z INFO Listener] RuntimeInformation: Linux 5.15.0-1017-azure #20~20.04.1-Ubuntu SMP Fri Aug 5 12:16:53 UTC 2022.
[2022-08-18 03:31:15Z INFO Listener] Version: 2.295.0
[2022-08-18 03:31:15Z INFO Listener] Commit: 78d13b4c96e0857c1323febcb0cac7d8f5cf5822
[2022-08-18 03:31:15Z INFO Listener] Culture: 
[2022-08-18 03:31:15Z INFO Listener] UI Culture: 
[2022-08-18 03:31:15Z INFO HostContext] Well known directory 'Bin': '/home/runner/actions-runner/bin'
[2022-08-18 03:31:15Z INFO HostContext] Well known directory 'Root': '/home/runner/actions-runner'
[2022-08-18 03:31:15Z INFO Listener] Validating directory permissions for: '/home/runner/actions-runner'
[2022-08-18 03:31:15Z INFO CommandLineParser] Parse
[2022-08-18 03:31:15Z INFO CommandLineParser] Parsing 1 args
[2022-08-18 03:31:15Z INFO CommandLineParser] parsing argument
[2022-08-18 03:31:15Z INFO CommandLineParser] HasArgs: False
[2022-08-18 03:31:15Z INFO CommandLineParser] Adding Command: run
[2022-08-18 03:31:15Z INFO Listener] Arguments parsed
[2022-08-18 03:31:15Z INFO Runner] ExecuteCommand
[2022-08-18 03:31:15Z INFO ConfigurationStore] currentAssemblyLocation: /home/runner/actions-runner/bin/Runner.Listener.dll
[2022-08-18 03:31:15Z INFO HostContext] Well known directory 'Bin': '/home/runner/actions-runner/bin'
[2022-08-18 03:31:15Z INFO ConfigurationStore] binPath: /home/runner/actions-runner/bin
[2022-08-18 03:31:15Z INFO HostContext] Well known directory 'Bin': '/home/runner/actions-runner/bin'
[2022-08-18 03:31:15Z INFO HostContext] Well known directory 'Root': '/home/runner/actions-runner'
[2022-08-18 03:31:15Z INFO ConfigurationStore] RootFolder: /home/runner/actions-runner
[2022-08-18 03:31:15Z INFO HostContext] Well known directory 'Bin': '/home/runner/actions-runner/bin'
[2022-08-18 03:31:15Z INFO HostContext] Well known directory 'Root': '/home/runner/actions-runner'
[2022-08-18 03:31:15Z INFO HostContext] Well known config file 'Runner': '/home/runner/actions-runner/.runner'
[2022-08-18 03:31:15Z INFO ConfigurationStore] ConfigFilePath: /home/runner/actions-runner/.runner
[2022-08-18 03:31:15Z INFO HostContext] Well known directory 'Bin': '/home/runner/actions-runner/bin'
[2022-08-18 03:31:15Z INFO HostContext] Well known directory 'Root': '/home/runner/actions-runner'
[2022-08-18 03:31:15Z INFO HostContext] Well known config file 'Credentials': '/home/runner/actions-runner/.credentials'
[2022-08-18 03:31:15Z INFO ConfigurationStore] CredFilePath: /home/runner/actions-runner/.credentials
[2022-08-18 03:31:15Z INFO HostContext] Well known directory 'Bin': '/home/runner/actions-runner/bin'
[2022-08-18 03:31:15Z INFO HostContext] Well known directory 'Root': '/home/runner/actions-runner'
[2022-08-18 03:31:15Z INFO HostContext] Well known config file 'MigratedCredentials': '/home/runner/actions-runner/.credentials_migrated'
[2022-08-18 03:31:15Z INFO ConfigurationStore] MigratedCredFilePath: /home/runner/actions-runner/.credentials_migrated
[2022-08-18 03:31:15Z INFO HostContext] Well known directory 'Bin': '/home/runner/actions-runner/bin'
[2022-08-18 03:31:15Z INFO HostContext] Well known directory 'Root': '/home/runner/actions-runner'
[2022-08-18 03:31:15Z INFO HostContext] Well known config file 'Service': '/home/runner/actions-runner/.service'
[2022-08-18 03:31:15Z INFO ConfigurationStore] ServiceConfigFilePath: /home/runner/actions-runner/.service
[2022-08-18 03:31:15Z INFO CommandSettings] Flag 'help': 'False'
[2022-08-18 03:31:15Z INFO CommandSettings] Flag 'version': 'False'
[2022-08-18 03:31:15Z INFO CommandSettings] Flag 'commit': 'False'
[2022-08-18 03:31:15Z INFO CommandSettings] Flag 'check': 'False'
[2022-08-18 03:31:15Z INFO CommandSettings] Command 'configure': 'False'
[2022-08-18 03:31:15Z INFO CommandSettings] Command 'remove': 'False'
[2022-08-18 03:31:15Z INFO CommandSettings] Command 'warmup': 'False'
[2022-08-18 03:31:15Z INFO ConfigurationManager] LoadSettings
[2022-08-18 03:31:15Z INFO ConfigurationStore] IsConfigured()
[2022-08-18 03:31:15Z INFO ConfigurationStore] IsConfigured: True
[2022-08-18 03:31:15Z INFO ConfigurationManager] Is configured: True
[2022-08-18 03:31:15Z INFO ConfigurationStore] Read setting file: 280 chars
[2022-08-18 03:31:15Z INFO ConfigurationManager] Settings Loaded
[2022-08-18 03:31:15Z INFO ConfigurationStore] IsServiceConfigured()
[2022-08-18 03:31:15Z INFO ConfigurationStore] IsServiceConfigured: False
[2022-08-18 03:31:15Z INFO CommandSettings] Command 'run': 'True'
[2022-08-18 03:31:15Z INFO ConfigurationStore] IsConfigured()
[2022-08-18 03:31:15Z INFO ConfigurationStore] IsConfigured: True
[2022-08-18 03:31:15Z INFO ConfigurationManager] Is configured: True
[2022-08-18 03:31:15Z INFO Runner] Could not parse the argument value '' for StartupType. Defaulting to Manual
[2022-08-18 03:31:15Z INFO Runner] Set runner startup type - Manual
[2022-08-18 03:31:15Z INFO CommandSettings] Flag 'once': 'False'
[2022-08-18 03:31:15Z INFO CommandSettings] Flag 'once': 'False'
[2022-08-18 03:31:15Z INFO Runner] RunAsync
[2022-08-18 03:31:15Z INFO ConfigurationManager] LoadSettings
[2022-08-18 03:31:15Z INFO ConfigurationStore] IsConfigured()
[2022-08-18 03:31:15Z INFO ConfigurationStore] IsConfigured: True
[2022-08-18 03:31:15Z INFO ConfigurationManager] Is configured: True
[2022-08-18 03:31:15Z INFO ConfigurationManager] Settings Loaded
[2022-08-18 03:31:15Z INFO MessageListener] {
  "AgentId": 2,
  "AgentName": "nxt",
  "PoolId": 1,
  "PoolName": "Default",
  "ServerUrl": "https://pipelines.actions.githubusercontent.com/QGVI976dRmvLif1vS8wzdf9W5uiLh58kh5Yul9Rs44kR6GTyXg",
  "GitHubUrl": "https://github.com/mrwizyt/action-tmate",
  "WorkFolder": "_work"
}
[2022-08-18 03:31:15Z INFO MessageListener] Loading Credentials
[2022-08-18 03:31:15Z INFO ConfigurationStore] HasCredentials()
[2022-08-18 03:31:15Z INFO ConfigurationStore] stored True
[2022-08-18 03:31:15Z INFO CredentialManager] GetCredentialProvider
[2022-08-18 03:31:15Z INFO CredentialManager] Creating type OAuth
[2022-08-18 03:31:15Z INFO CredentialManager] Creating credential type: OAuth
[2022-08-18 03:31:15Z INFO HostContext] Well known directory 'Bin': '/home/runner/actions-runner/bin'
[2022-08-18 03:31:15Z INFO HostContext] Well known directory 'Root': '/home/runner/actions-runner'
[2022-08-18 03:31:15Z INFO HostContext] Well known config file 'RSACredentials': '/home/runner/actions-runner/.credentials_rsaparams'
[2022-08-18 03:31:15Z INFO RSAFileKeyManager] Loading RSA key parameters from file /home/runner/actions-runner/.credentials_rsaparams
[2022-08-18 03:31:15Z INFO MessageListener] Attempt to create session.
[2022-08-18 03:31:15Z INFO MessageListener] Connecting to the Runner Server...
[2022-08-18 03:31:15Z INFO RunnerServer] Establish connection with 100 seconds timeout.
[2022-08-18 03:31:15Z INFO GitHubActionsService] Starting operation Location.GetConnectionData
[2022-08-18 03:31:16Z INFO RunnerServer] Establish connection with 60 seconds timeout.
[2022-08-18 03:31:16Z INFO GitHubActionsService] Starting operation Location.GetConnectionData
[2022-08-18 03:31:16Z INFO RunnerServer] Establish connection with 60 seconds timeout.
[2022-08-18 03:31:16Z INFO GitHubActionsService] Starting operation Location.GetConnectionData
[2022-08-18 03:31:16Z INFO GitHubActionsService] Finished operation Location.GetConnectionData
[2022-08-18 03:31:16Z INFO GitHubActionsService] Finished operation Location.GetConnectionData
[2022-08-18 03:31:16Z INFO GitHubActionsService] Finished operation Location.GetConnectionData
[2022-08-18 03:31:16Z INFO MessageListener] VssConnection created
[2022-08-18 03:31:16Z INFO Terminal] WRITE LINE: 
[2022-08-18 03:31:16Z INFO Terminal] WRITE LINE: 
[2022-08-18 03:31:16Z INFO RSAFileKeyManager] Loading RSA key parameters from file /home/runner/actions-runner/.credentials_rsaparams
[2022-08-18 03:31:16Z INFO RSAFileKeyManager] Loading RSA key parameters from file /home/runner/actions-runner/.credentials_rsaparams
[2022-08-18 03:31:16Z INFO GitHubActionsService] AAD Correlation ID for this token request: Unknown
[2022-08-18 03:31:16Z INFO MessageListener] Session created.
[2022-08-18 03:31:16Z INFO Terminal] WRITE LINE: Current runner version: '2.295.0'
[2022-08-18 03:31:16Z INFO Terminal] WRITE LINE: 2022-08-18 03:31:16Z: Listening for Jobs
[2022-08-18 03:31:16Z INFO JobDispatcher] Set runner/worker IPC timeout to 30 seconds.
[2022-08-18 03:31:22Z INFO Terminal] WRITE LINE: Exiting...
[2022-08-18 03:31:22Z INFO ConfigurationStore] IsServiceConfigured()
[2022-08-18 03:31:22Z INFO ConfigurationStore] IsServiceConfigured: False
[2022-08-18 03:31:22Z INFO HostContext] Runner will be shutdown for UserCancelled
[2022-08-18 03:31:22Z WARN GitHubActionsService] GET request to https://pipelines.actions.githubusercontent.com/QGVI976dRmvLif1vS8wzdf9W5uiLh58kh5Yul9Rs44kR6GTyXg/_apis/distributedtask/pools/1/messages?sessionId=5ec6b7bf-0c29-4c0c-bd54-6070e902b358&status=Online has been cancelled.
[2022-08-18 03:31:22Z INFO MessageListener] Get next message has been cancelled.
[2022-08-18 03:31:22Z INFO JobDispatcher] Shutting down JobDispatcher. Make sure all WorkerDispatcher has finished.
[2022-08-18 03:31:22Z INFO Listener] Runner execution been cancelled.
